<?xml version="1.0" encoding="UTF-8"?>
<testng-results skipped="0" failed="0" ignored="0" total="1" passed="1">
  <reporter-output>
  </reporter-output>
  <suite name="Default suite" duration-ms="14920" started-at="2018-12-17T20:09:34Z" finished-at="2018-12-17T20:09:49Z">
    <groups>
    </groups>
    <test name="Default test" duration-ms="14920" started-at="2018-12-17T20:09:34Z" finished-at="2018-12-17T20:09:49Z">
      <class name="Testcases.Loginapplication">
        <test-method status="PASS" signature="Login()[pri:0, instance:Testcases.Loginapplication@58651fd0]" name="Login" duration-ms="14870" started-at="2018-12-17T20:09:35Z" finished-at="2018-12-17T20:09:49Z">
          <reporter-output>
          </reporter-output>
        </test-method> <!-- Login -->
      </class> <!-- Testcases.Loginapplication -->
    </test> <!-- Default test -->
  </suite> <!-- Default suite -->
</testng-results>
